[0.178s] DEBUG:colcon:Command line arguments: ['/usr/bin/colcon', 'build', '--packages-select', 'cv_inspection']
[0.178s] DEBUG:colcon:Parsed command line arguments: Namespace(log_base=None, log_level=None, verb_name='build', build_base='build', install_base='install', merge_install=False, symlink_install=False, test_result_base=None, continue_on_error=False, executor='parallel', parallel_workers=4, event_handlers=None, ignore_user_meta=False, metas=['./colcon.meta'], base_paths=['.'], packages_ignore=None, packages_ignore_regex=None, paths=None, packages_up_to=None, packages_up_to_regex=None, packages_above=None, packages_above_and_dependencies=None, packages_above_depth=None, packages_select_by_dep=None, packages_skip_by_dep=None, packages_skip_up_to=None, packages_select_build_failed=False, packages_skip_build_finished=False, packages_select_test_failures=False, packages_skip_test_passed=False, packages_select=['cv_inspection'], packages_skip=None, packages_select_regex=None, packages_skip_regex=None, packages_start=None, packages_end=None, allow_overriding=[], cmake_args=None, cmake_target=None, cmake_target_skip_unavailable=False, cmake_clean_cache=False, cmake_clean_first=False, cmake_force_configure=False, ament_cmake_args=None, catkin_cmake_args=None, catkin_skip_building_tests=False, verb_parser=<colcon_defaults.argument_parser.defaults.DefaultArgumentsDecorator object at 0x722fab06cbb0>, verb_extension=<colcon_core.verb.build.BuildVerb object at 0x722fab17dfc0>, main=<bound method BuildVerb.main of <colcon_core.verb.build.BuildVerb object at 0x722fab17dfc0>>)
[0.528s] Level 1:colcon.colcon_core.package_discovery:discover_packages(colcon_meta) check parameters
[0.528s] Level 1:colcon.colcon_core.package_discovery:discover_packages(recursive) check parameters
[0.528s] Level 1:colcon.colcon_core.package_discovery:discover_packages(ignore) check parameters
[0.528s] Level 1:colcon.colcon_core.package_discovery:discover_packages(path) check parameters
[0.528s] Level 1:colcon.colcon_core.package_discovery:discover_packages(colcon_meta) discover
[0.528s] Level 1:colcon.colcon_core.package_discovery:discover_packages(recursive) discover
[0.528s] INFO:colcon.colcon_core.package_discovery:Crawling recursively for packages in '/home/naveedh/rti_project_b_ws'
[0.528s] Level 1:colcon.colcon_core.package_identification:_identify(.) by extensions ['ignore', 'ignore_ament_install']
[0.528s] Level 1:colcon.colcon_core.package_identification:_identify(.) by extension 'ignore'
[0.528s] Level 1:colcon.colcon_core.package_identification:_identify(.) by extension 'ignore_ament_install'
[0.528s] Level 1:colcon.colcon_core.package_identification:_identify(.) by extensions ['colcon_pkg']
[0.528s] Level 1:colcon.colcon_core.package_identification:_identify(.) by extension 'colcon_pkg'
[0.528s] Level 1:colcon.colcon_core.package_identification:_identify(.) by extensions ['colcon_meta']
[0.528s] Level 1:colcon.colcon_core.package_identification:_identify(.) by extension 'colcon_meta'
[0.528s] Level 1:colcon.colcon_core.package_identification:_identify(.) by extensions ['ros']
[0.528s] Level 1:colcon.colcon_core.package_identification:_identify(.) by extension 'ros'
[0.538s] Level 1:colcon.colcon_core.package_identification:_identify(.) by extensions ['cmake', 'python']
[0.539s] Level 1:colcon.colcon_core.package_identification:_identify(.) by extension 'cmake'
[0.539s] Level 1:colcon.colcon_core.package_identification:_identify(.) by extension 'python'
[0.539s] Level 1:colcon.colcon_core.package_identification:_identify(.) by extensions ['python_setup_py']
[0.539s] Level 1:colcon.colcon_core.package_identification:_identify(.) by extension 'python_setup_py'
[0.539s] Level 1:colcon.colcon_core.package_identification:_identify(build) by extensions ['ignore', 'ignore_ament_install']
[0.539s] Level 1:colcon.colcon_core.package_identification:_identify(build) by extension 'ignore'
[0.539s] Level 1:colcon.colcon_core.package_identification:_identify(build) ignored
[0.539s] Level 1:colcon.colcon_core.package_identification:_identify(install) by extensions ['ignore', 'ignore_ament_install']
[0.539s] Level 1:colcon.colcon_core.package_identification:_identify(install) by extension 'ignore'
[0.539s] Level 1:colcon.colcon_core.package_identification:_identify(install) ignored
[0.539s] Level 1:colcon.colcon_core.package_identification:_identify(log) by extensions ['ignore', 'ignore_ament_install']
[0.539s] Level 1:colcon.colcon_core.package_identification:_identify(log) by extension 'ignore'
[0.539s] Level 1:colcon.colcon_core.package_identification:_identify(log) ignored
[0.539s] Level 1:colcon.colcon_core.package_identification:_identify(src) by extensions ['ignore', 'ignore_ament_install']
[0.540s] Level 1:colcon.colcon_core.package_identification:_identify(src) by extension 'ignore'
[0.540s] Level 1:colcon.colcon_core.package_identification:_identify(src) by extension 'ignore_ament_install'
[0.540s] Level 1:colcon.colcon_core.package_identification:_identify(src) by extensions ['colcon_pkg']
[0.540s] Level 1:colcon.colcon_core.package_identification:_identify(src) by extension 'colcon_pkg'
[0.540s] Level 1:colcon.colcon_core.package_identification:_identify(src) by extensions ['colcon_meta']
[0.540s] Level 1:colcon.colcon_core.package_identification:_identify(src) by extension 'colcon_meta'
[0.540s] Level 1:colcon.colcon_core.package_identification:_identify(src) by extensions ['ros']
[0.540s] Level 1:colcon.colcon_core.package_identification:_identify(src) by extension 'ros'
[0.540s] Level 1:colcon.colcon_core.package_identification:_identify(src) by extensions ['cmake', 'python']
[0.540s] Level 1:colcon.colcon_core.package_identification:_identify(src) by extension 'cmake'
[0.540s] Level 1:colcon.colcon_core.package_identification:_identify(src) by extension 'python'
[0.540s] Level 1:colcon.colcon_core.package_identification:_identify(src) by extensions ['python_setup_py']
[0.540s] Level 1:colcon.colcon_core.package_identification:_identify(src) by extension 'python_setup_py'
[0.540s] Level 1:colcon.colcon_core.package_identification:_identify(src/config) by extensions ['ignore', 'ignore_ament_install']
[0.540s] Level 1:colcon.colcon_core.package_identification:_identify(src/config) by extension 'ignore'
[0.540s] Level 1:colcon.colcon_core.package_identification:_identify(src/config) by extension 'ignore_ament_install'
[0.540s] Level 1:colcon.colcon_core.package_identification:_identify(src/config) by extensions ['colcon_pkg']
[0.540s] Level 1:colcon.colcon_core.package_identification:_identify(src/config) by extension 'colcon_pkg'
[0.540s] Level 1:colcon.colcon_core.package_identification:_identify(src/config) by extensions ['colcon_meta']
[0.540s] Level 1:colcon.colcon_core.package_identification:_identify(src/config) by extension 'colcon_meta'
[0.540s] Level 1:colcon.colcon_core.package_identification:_identify(src/config) by extensions ['ros']
[0.540s] Level 1:colcon.colcon_core.package_identification:_identify(src/config) by extension 'ros'
[0.540s] Level 1:colcon.colcon_core.package_identification:_identify(src/config) by extensions ['cmake', 'python']
[0.540s] Level 1:colcon.colcon_core.package_identification:_identify(src/config) by extension 'cmake'
[0.541s] Level 1:colcon.colcon_core.package_identification:_identify(src/config) by extension 'python'
[0.541s] Level 1:colcon.colcon_core.package_identification:_identify(src/config) by extensions ['python_setup_py']
[0.541s] Level 1:colcon.colcon_core.package_identification:_identify(src/config) by extension 'python_setup_py'
[0.541s] Level 1:colcon.colcon_core.package_identification:_identify(src/docs) by extensions ['ignore', 'ignore_ament_install']
[0.541s] Level 1:colcon.colcon_core.package_identification:_identify(src/docs) by extension 'ignore'
[0.541s] Level 1:colcon.colcon_core.package_identification:_identify(src/docs) by extension 'ignore_ament_install'
[0.541s] Level 1:colcon.colcon_core.package_identification:_identify(src/docs) by extensions ['colcon_pkg']
[0.541s] Level 1:colcon.colcon_core.package_identification:_identify(src/docs) by extension 'colcon_pkg'
[0.541s] Level 1:colcon.colcon_core.package_identification:_identify(src/docs) by extensions ['colcon_meta']
[0.541s] Level 1:colcon.colcon_core.package_identification:_identify(src/docs) by extension 'colcon_meta'
[0.541s] Level 1:colcon.colcon_core.package_identification:_identify(src/docs) by extensions ['ros']
[0.541s] Level 1:colcon.colcon_core.package_identification:_identify(src/docs) by extension 'ros'
[0.541s] Level 1:colcon.colcon_core.package_identification:_identify(src/docs) by extensions ['cmake', 'python']
[0.541s] Level 1:colcon.colcon_core.package_identification:_identify(src/docs) by extension 'cmake'
[0.541s] Level 1:colcon.colcon_core.package_identification:_identify(src/docs) by extension 'python'
[0.541s] Level 1:colcon.colcon_core.package_identification:_identify(src/docs) by extensions ['python_setup_py']
[0.541s] Level 1:colcon.colcon_core.package_identification:_identify(src/docs) by extension 'python_setup_py'
[0.541s] Level 1:colcon.colcon_core.package_identification:_identify(src/launch) by extensions ['ignore', 'ignore_ament_install']
[0.541s] Level 1:colcon.colcon_core.package_identification:_identify(src/launch) by extension 'ignore'
[0.541s] Level 1:colcon.colcon_core.package_identification:_identify(src/launch) by extension 'ignore_ament_install'
[0.541s] Level 1:colcon.colcon_core.package_identification:_identify(src/launch) by extensions ['colcon_pkg']
[0.541s] Level 1:colcon.colcon_core.package_identification:_identify(src/launch) by extension 'colcon_pkg'
[0.541s] Level 1:colcon.colcon_core.package_identification:_identify(src/launch) by extensions ['colcon_meta']
[0.541s] Level 1:colcon.colcon_core.package_identification:_identify(src/launch) by extension 'colcon_meta'
[0.542s] Level 1:colcon.colcon_core.package_identification:_identify(src/launch) by extensions ['ros']
[0.542s] Level 1:colcon.colcon_core.package_identification:_identify(src/launch) by extension 'ros'
[0.542s] Level 1:colcon.colcon_core.package_identification:_identify(src/launch) by extensions ['cmake', 'python']
[0.542s] Level 1:colcon.colcon_core.package_identification:_identify(src/launch) by extension 'cmake'
[0.542s] Level 1:colcon.colcon_core.package_identification:_identify(src/launch) by extension 'python'
[0.542s] Level 1:colcon.colcon_core.package_identification:_identify(src/launch) by extensions ['python_setup_py']
[0.542s] Level 1:colcon.colcon_core.package_identification:_identify(src/launch) by extension 'python_setup_py'
[0.542s] Level 1:colcon.colcon_core.package_identification:_identify(src/models) by extensions ['ignore', 'ignore_ament_install']
[0.542s] Level 1:colcon.colcon_core.package_identification:_identify(src/models) by extension 'ignore'
[0.542s] Level 1:colcon.colcon_core.package_identification:_identify(src/models) by extension 'ignore_ament_install'
[0.542s] Level 1:colcon.colcon_core.package_identification:_identify(src/models) by extensions ['colcon_pkg']
[0.542s] Level 1:colcon.colcon_core.package_identification:_identify(src/models) by extension 'colcon_pkg'
[0.542s] Level 1:colcon.colcon_core.package_identification:_identify(src/models) by extensions ['colcon_meta']
[0.542s] Level 1:colcon.colcon_core.package_identification:_identify(src/models) by extension 'colcon_meta'
[0.542s] Level 1:colcon.colcon_core.package_identification:_identify(src/models) by extensions ['ros']
[0.542s] Level 1:colcon.colcon_core.package_identification:_identify(src/models) by extension 'ros'
[0.542s] Level 1:colcon.colcon_core.package_identification:_identify(src/models) by extensions ['cmake', 'python']
[0.542s] Level 1:colcon.colcon_core.package_identification:_identify(src/models) by extension 'cmake'
[0.542s] Level 1:colcon.colcon_core.package_identification:_identify(src/models) by extension 'python'
[0.542s] Level 1:colcon.colcon_core.package_identification:_identify(src/models) by extensions ['python_setup_py']
[0.542s] Level 1:colcon.colcon_core.package_identification:_identify(src/models) by extension 'python_setup_py'
[0.542s] Level 1:colcon.colcon_core.package_identification:_identify(src/models/arm_station) by extensions ['ignore', 'ignore_ament_install']
[0.543s] Level 1:colcon.colcon_core.package_identification:_identify(src/models/arm_station) by extension 'ignore'
[0.543s] Level 1:colcon.colcon_core.package_identification:_identify(src/models/arm_station) by extension 'ignore_ament_install'
[0.543s] Level 1:colcon.colcon_core.package_identification:_identify(src/models/arm_station) by extensions ['colcon_pkg']
[0.543s] Level 1:colcon.colcon_core.package_identification:_identify(src/models/arm_station) by extension 'colcon_pkg'
[0.543s] Level 1:colcon.colcon_core.package_identification:_identify(src/models/arm_station) by extensions ['colcon_meta']
[0.543s] Level 1:colcon.colcon_core.package_identification:_identify(src/models/arm_station) by extension 'colcon_meta'
[0.543s] Level 1:colcon.colcon_core.package_identification:_identify(src/models/arm_station) by extensions ['ros']
[0.543s] Level 1:colcon.colcon_core.package_identification:_identify(src/models/arm_station) by extension 'ros'
[0.543s] Level 1:colcon.colcon_core.package_identification:_identify(src/models/arm_station) by extensions ['cmake', 'python']
[0.543s] Level 1:colcon.colcon_core.package_identification:_identify(src/models/arm_station) by extension 'cmake'
[0.543s] Level 1:colcon.colcon_core.package_identification:_identify(src/models/arm_station) by extension 'python'
[0.543s] Level 1:colcon.colcon_core.package_identification:_identify(src/models/arm_station) by extensions ['python_setup_py']
[0.543s] Level 1:colcon.colcon_core.package_identification:_identify(src/models/arm_station) by extension 'python_setup_py'
[0.543s] Level 1:colcon.colcon_core.package_identification:_identify(src/models/bins) by extensions ['ignore', 'ignore_ament_install']
[0.543s] Level 1:colcon.colcon_core.package_identification:_identify(src/models/bins) by extension 'ignore'
[0.543s] Level 1:colcon.colcon_core.package_identification:_identify(src/models/bins) by extension 'ignore_ament_install'
[0.543s] Level 1:colcon.colcon_core.package_identification:_identify(src/models/bins) by extensions ['colcon_pkg']
[0.543s] Level 1:colcon.colcon_core.package_identification:_identify(src/models/bins) by extension 'colcon_pkg'
[0.543s] Level 1:colcon.colcon_core.package_identification:_identify(src/models/bins) by extensions ['colcon_meta']
[0.543s] Level 1:colcon.colcon_core.package_identification:_identify(src/models/bins) by extension 'colcon_meta'
[0.543s] Level 1:colcon.colcon_core.package_identification:_identify(src/models/bins) by extensions ['ros']
[0.543s] Level 1:colcon.colcon_core.package_identification:_identify(src/models/bins) by extension 'ros'
[0.543s] Level 1:colcon.colcon_core.package_identification:_identify(src/models/bins) by extensions ['cmake', 'python']
[0.543s] Level 1:colcon.colcon_core.package_identification:_identify(src/models/bins) by extension 'cmake'
[0.543s] Level 1:colcon.colcon_core.package_identification:_identify(src/models/bins) by extension 'python'
[0.544s] Level 1:colcon.colcon_core.package_identification:_identify(src/models/bins) by extensions ['python_setup_py']
[0.544s] Level 1:colcon.colcon_core.package_identification:_identify(src/models/bins) by extension 'python_setup_py'
[0.544s] Level 1:colcon.colcon_core.package_identification:_identify(src/models/parts) by extensions ['ignore', 'ignore_ament_install']
[0.544s] Level 1:colcon.colcon_core.package_identification:_identify(src/models/parts) by extension 'ignore'
[0.544s] Level 1:colcon.colcon_core.package_identification:_identify(src/models/parts) by extension 'ignore_ament_install'
[0.544s] Level 1:colcon.colcon_core.package_identification:_identify(src/models/parts) by extensions ['colcon_pkg']
[0.544s] Level 1:colcon.colcon_core.package_identification:_identify(src/models/parts) by extension 'colcon_pkg'
[0.544s] Level 1:colcon.colcon_core.package_identification:_identify(src/models/parts) by extensions ['colcon_meta']
[0.544s] Level 1:colcon.colcon_core.package_identification:_identify(src/models/parts) by extension 'colcon_meta'
[0.544s] Level 1:colcon.colcon_core.package_identification:_identify(src/models/parts) by extensions ['ros']
[0.544s] Level 1:colcon.colcon_core.package_identification:_identify(src/models/parts) by extension 'ros'
[0.544s] Level 1:colcon.colcon_core.package_identification:_identify(src/models/parts) by extensions ['cmake', 'python']
[0.544s] Level 1:colcon.colcon_core.package_identification:_identify(src/models/parts) by extension 'cmake'
[0.544s] Level 1:colcon.colcon_core.package_identification:_identify(src/models/parts) by extension 'python'
[0.544s] Level 1:colcon.colcon_core.package_identification:_identify(src/models/parts) by extensions ['python_setup_py']
[0.544s] Level 1:colcon.colcon_core.package_identification:_identify(src/models/parts) by extension 'python_setup_py'
[0.544s] Level 1:colcon.colcon_core.package_identification:_identify(src/moveit_configs) by extensions ['ignore', 'ignore_ament_install']
[0.544s] Level 1:colcon.colcon_core.package_identification:_identify(src/moveit_configs) by extension 'ignore'
[0.544s] Level 1:colcon.colcon_core.package_identification:_identify(src/moveit_configs) by extension 'ignore_ament_install'
[0.544s] Level 1:colcon.colcon_core.package_identification:_identify(src/moveit_configs) by extensions ['colcon_pkg']
[0.544s] Level 1:colcon.colcon_core.package_identification:_identify(src/moveit_configs) by extension 'colcon_pkg'
[0.544s] Level 1:colcon.colcon_core.package_identification:_identify(src/moveit_configs) by extensions ['colcon_meta']
[0.544s] Level 1:colcon.colcon_core.package_identification:_identify(src/moveit_configs) by extension 'colcon_meta'
[0.545s] Level 1:colcon.colcon_core.package_identification:_identify(src/moveit_configs) by extensions ['ros']
[0.545s] Level 1:colcon.colcon_core.package_identification:_identify(src/moveit_configs) by extension 'ros'
[0.545s] Level 1:colcon.colcon_core.package_identification:_identify(src/moveit_configs) by extensions ['cmake', 'python']
[0.545s] Level 1:colcon.colcon_core.package_identification:_identify(src/moveit_configs) by extension 'cmake'
[0.545s] Level 1:colcon.colcon_core.package_identification:_identify(src/moveit_configs) by extension 'python'
[0.545s] Level 1:colcon.colcon_core.package_identification:_identify(src/moveit_configs) by extensions ['python_setup_py']
[0.545s] Level 1:colcon.colcon_core.package_identification:_identify(src/moveit_configs) by extension 'python_setup_py'
[0.545s] Level 1:colcon.colcon_core.package_identification:_identify(src/moveit_configs/assembly_arm_config) by extensions ['ignore', 'ignore_ament_install']
[0.545s] Level 1:colcon.colcon_core.package_identification:_identify(src/moveit_configs/assembly_arm_config) by extension 'ignore'
[0.545s] Level 1:colcon.colcon_core.package_identification:_identify(src/moveit_configs/assembly_arm_config) by extension 'ignore_ament_install'
[0.545s] Level 1:colcon.colcon_core.package_identification:_identify(src/moveit_configs/assembly_arm_config) by extensions ['colcon_pkg']
[0.545s] Level 1:colcon.colcon_core.package_identification:_identify(src/moveit_configs/assembly_arm_config) by extension 'colcon_pkg'
[0.545s] Level 1:colcon.colcon_core.package_identification:_identify(src/moveit_configs/assembly_arm_config) by extensions ['colcon_meta']
[0.545s] Level 1:colcon.colcon_core.package_identification:_identify(src/moveit_configs/assembly_arm_config) by extension 'colcon_meta'
[0.545s] Level 1:colcon.colcon_core.package_identification:_identify(src/moveit_configs/assembly_arm_config) by extensions ['ros']
[0.545s] Level 1:colcon.colcon_core.package_identification:_identify(src/moveit_configs/assembly_arm_config) by extension 'ros'
[0.545s] Level 1:colcon.colcon_core.package_identification:_identify(src/moveit_configs/assembly_arm_config) by extensions ['cmake', 'python']
[0.545s] Level 1:colcon.colcon_core.package_identification:_identify(src/moveit_configs/assembly_arm_config) by extension 'cmake'
[0.545s] Level 1:colcon.colcon_core.package_identification:_identify(src/moveit_configs/assembly_arm_config) by extension 'python'
[0.545s] Level 1:colcon.colcon_core.package_identification:_identify(src/moveit_configs/assembly_arm_config) by extensions ['python_setup_py']
[0.545s] Level 1:colcon.colcon_core.package_identification:_identify(src/moveit_configs/assembly_arm_config) by extension 'python_setup_py'
[0.545s] Level 1:colcon.colcon_core.package_identification:_identify(src/moveit_configs/sorting_arm_config) by extensions ['ignore', 'ignore_ament_install']
[0.546s] Level 1:colcon.colcon_core.package_identification:_identify(src/moveit_configs/sorting_arm_config) by extension 'ignore'
[0.546s] Level 1:colcon.colcon_core.package_identification:_identify(src/moveit_configs/sorting_arm_config) by extension 'ignore_ament_install'
[0.546s] Level 1:colcon.colcon_core.package_identification:_identify(src/moveit_configs/sorting_arm_config) by extensions ['colcon_pkg']
[0.546s] Level 1:colcon.colcon_core.package_identification:_identify(src/moveit_configs/sorting_arm_config) by extension 'colcon_pkg'
[0.546s] Level 1:colcon.colcon_core.package_identification:_identify(src/moveit_configs/sorting_arm_config) by extensions ['colcon_meta']
[0.546s] Level 1:colcon.colcon_core.package_identification:_identify(src/moveit_configs/sorting_arm_config) by extension 'colcon_meta'
[0.546s] Level 1:colcon.colcon_core.package_identification:_identify(src/moveit_configs/sorting_arm_config) by extensions ['ros']
[0.546s] Level 1:colcon.colcon_core.package_identification:_identify(src/moveit_configs/sorting_arm_config) by extension 'ros'
[0.546s] Level 1:colcon.colcon_core.package_identification:_identify(src/moveit_configs/sorting_arm_config) by extensions ['cmake', 'python']
[0.546s] Level 1:colcon.colcon_core.package_identification:_identify(src/moveit_configs/sorting_arm_config) by extension 'cmake'
[0.546s] Level 1:colcon.colcon_core.package_identification:_identify(src/moveit_configs/sorting_arm_config) by extension 'python'
[0.546s] Level 1:colcon.colcon_core.package_identification:_identify(src/moveit_configs/sorting_arm_config) by extensions ['python_setup_py']
[0.546s] Level 1:colcon.colcon_core.package_identification:_identify(src/moveit_configs/sorting_arm_config) by extension 'python_setup_py'
[0.546s] Level 1:colcon.colcon_core.package_identification:_identify(src/msgs) by extensions ['ignore', 'ignore_ament_install']
[0.546s] Level 1:colcon.colcon_core.package_identification:_identify(src/msgs) by extension 'ignore'
[0.546s] Level 1:colcon.colcon_core.package_identification:_identify(src/msgs) by extension 'ignore_ament_install'
[0.546s] Level 1:colcon.colcon_core.package_identification:_identify(src/msgs) by extensions ['colcon_pkg']
[0.546s] Level 1:colcon.colcon_core.package_identification:_identify(src/msgs) by extension 'colcon_pkg'
[0.546s] Level 1:colcon.colcon_core.package_identification:_identify(src/msgs) by extensions ['colcon_meta']
[0.546s] Level 1:colcon.colcon_core.package_identification:_identify(src/msgs) by extension 'colcon_meta'
[0.546s] Level 1:colcon.colcon_core.package_identification:_identify(src/msgs) by extensions ['ros']
[0.546s] Level 1:colcon.colcon_core.package_identification:_identify(src/msgs) by extension 'ros'
[0.546s] Level 1:colcon.colcon_core.package_identification:_identify(src/msgs) by extensions ['cmake', 'python']
[0.546s] Level 1:colcon.colcon_core.package_identification:_identify(src/msgs) by extension 'cmake'
[0.547s] Level 1:colcon.colcon_core.package_identification:_identify(src/msgs) by extension 'python'
[0.547s] Level 1:colcon.colcon_core.package_identification:_identify(src/msgs) by extensions ['python_setup_py']
[0.547s] Level 1:colcon.colcon_core.package_identification:_identify(src/msgs) by extension 'python_setup_py'
[0.547s] Level 1:colcon.colcon_core.package_identification:_identify(src/rviz) by extensions ['ignore', 'ignore_ament_install']
[0.547s] Level 1:colcon.colcon_core.package_identification:_identify(src/rviz) by extension 'ignore'
[0.547s] Level 1:colcon.colcon_core.package_identification:_identify(src/rviz) by extension 'ignore_ament_install'
[0.547s] Level 1:colcon.colcon_core.package_identification:_identify(src/rviz) by extensions ['colcon_pkg']
[0.547s] Level 1:colcon.colcon_core.package_identification:_identify(src/rviz) by extension 'colcon_pkg'
[0.547s] Level 1:colcon.colcon_core.package_identification:_identify(src/rviz) by extensions ['colcon_meta']
[0.547s] Level 1:colcon.colcon_core.package_identification:_identify(src/rviz) by extension 'colcon_meta'
[0.547s] Level 1:colcon.colcon_core.package_identification:_identify(src/rviz) by extensions ['ros']
[0.547s] Level 1:colcon.colcon_core.package_identification:_identify(src/rviz) by extension 'ros'
[0.547s] Level 1:colcon.colcon_core.package_identification:_identify(src/rviz) by extensions ['cmake', 'python']
[0.547s] Level 1:colcon.colcon_core.package_identification:_identify(src/rviz) by extension 'cmake'
[0.547s] Level 1:colcon.colcon_core.package_identification:_identify(src/rviz) by extension 'python'
[0.547s] Level 1:colcon.colcon_core.package_identification:_identify(src/rviz) by extensions ['python_setup_py']
[0.547s] Level 1:colcon.colcon_core.package_identification:_identify(src/rviz) by extension 'python_setup_py'
[0.547s] Level 1:colcon.colcon_core.package_identification:_identify(src/src) by extensions ['ignore', 'ignore_ament_install']
[0.547s] Level 1:colcon.colcon_core.package_identification:_identify(src/src) by extension 'ignore'
[0.547s] Level 1:colcon.colcon_core.package_identification:_identify(src/src) by extension 'ignore_ament_install'
[0.547s] Level 1:colcon.colcon_core.package_identification:_identify(src/src) by extensions ['colcon_pkg']
[0.547s] Level 1:colcon.colcon_core.package_identification:_identify(src/src) by extension 'colcon_pkg'
[0.547s] Level 1:colcon.colcon_core.package_identification:_identify(src/src) by extensions ['colcon_meta']
[0.548s] Level 1:colcon.colcon_core.package_identification:_identify(src/src) by extension 'colcon_meta'
[0.548s] Level 1:colcon.colcon_core.package_identification:_identify(src/src) by extensions ['ros']
[0.548s] Level 1:colcon.colcon_core.package_identification:_identify(src/src) by extension 'ros'
[0.548s] Level 1:colcon.colcon_core.package_identification:_identify(src/src) by extensions ['cmake', 'python']
[0.548s] Level 1:colcon.colcon_core.package_identification:_identify(src/src) by extension 'cmake'
[0.548s] Level 1:colcon.colcon_core.package_identification:_identify(src/src) by extension 'python'
[0.548s] Level 1:colcon.colcon_core.package_identification:_identify(src/src) by extensions ['python_setup_py']
[0.548s] Level 1:colcon.colcon_core.package_identification:_identify(src/src) by extension 'python_setup_py'
[0.548s] Level 1:colcon.colcon_core.package_identification:_identify(src/src/assembly_arm_control) by extensions ['ignore', 'ignore_ament_install']
[0.548s] Level 1:colcon.colcon_core.package_identification:_identify(src/src/assembly_arm_control) by extension 'ignore'
[0.548s] Level 1:colcon.colcon_core.package_identification:_identify(src/src/assembly_arm_control) by extension 'ignore_ament_install'
[0.548s] Level 1:colcon.colcon_core.package_identification:_identify(src/src/assembly_arm_control) by extensions ['colcon_pkg']
[0.548s] Level 1:colcon.colcon_core.package_identification:_identify(src/src/assembly_arm_control) by extension 'colcon_pkg'
[0.548s] Level 1:colcon.colcon_core.package_identification:_identify(src/src/assembly_arm_control) by extensions ['colcon_meta']
[0.548s] Level 1:colcon.colcon_core.package_identification:_identify(src/src/assembly_arm_control) by extension 'colcon_meta'
[0.548s] Level 1:colcon.colcon_core.package_identification:_identify(src/src/assembly_arm_control) by extensions ['ros']
[0.548s] Level 1:colcon.colcon_core.package_identification:_identify(src/src/assembly_arm_control) by extension 'ros'
[0.548s] Level 1:colcon.colcon_core.package_identification:_identify(src/src/assembly_arm_control) by extensions ['cmake', 'python']
[0.548s] Level 1:colcon.colcon_core.package_identification:_identify(src/src/assembly_arm_control) by extension 'cmake'
[0.548s] Level 1:colcon.colcon_core.package_identification:_identify(src/src/assembly_arm_control) by extension 'python'
[0.548s] Level 1:colcon.colcon_core.package_identification:_identify(src/src/assembly_arm_control) by extensions ['python_setup_py']
[0.548s] Level 1:colcon.colcon_core.package_identification:_identify(src/src/assembly_arm_control) by extension 'python_setup_py'
[0.548s] Level 1:colcon.colcon_core.package_identification:_identify(src/src/cv_inspection) by extensions ['ignore', 'ignore_ament_install']
[0.549s] Level 1:colcon.colcon_core.package_identification:_identify(src/src/cv_inspection) by extension 'ignore'
[0.549s] Level 1:colcon.colcon_core.package_identification:_identify(src/src/cv_inspection) by extension 'ignore_ament_install'
[0.549s] Level 1:colcon.colcon_core.package_identification:_identify(src/src/cv_inspection) by extensions ['colcon_pkg']
[0.549s] Level 1:colcon.colcon_core.package_identification:_identify(src/src/cv_inspection) by extension 'colcon_pkg'
[0.549s] Level 1:colcon.colcon_core.package_identification:_identify(src/src/cv_inspection) by extensions ['colcon_meta']
[0.549s] Level 1:colcon.colcon_core.package_identification:_identify(src/src/cv_inspection) by extension 'colcon_meta'
[0.549s] Level 1:colcon.colcon_core.package_identification:_identify(src/src/cv_inspection) by extensions ['ros']
[0.549s] Level 1:colcon.colcon_core.package_identification:_identify(src/src/cv_inspection) by extension 'ros'
[0.549s] Level 1:colcon.colcon_core.package_identification:_identify(src/src/cv_inspection) by extensions ['cmake', 'python']
[0.549s] Level 1:colcon.colcon_core.package_identification:_identify(src/src/cv_inspection) by extension 'cmake'
[0.549s] Level 1:colcon.colcon_core.package_identification:_identify(src/src/cv_inspection) by extension 'python'
[0.549s] Level 1:colcon.colcon_core.package_identification:_identify(src/src/cv_inspection) by extensions ['python_setup_py']
[0.549s] Level 1:colcon.colcon_core.package_identification:_identify(src/src/cv_inspection) by extension 'python_setup_py'
[0.549s] Level 1:colcon.colcon_core.package_identification:_identify(src/src/cv_inspection/assembly_arm_control) by extensions ['ignore', 'ignore_ament_install']
[0.549s] Level 1:colcon.colcon_core.package_identification:_identify(src/src/cv_inspection/assembly_arm_control) by extension 'ignore'
[0.549s] Level 1:colcon.colcon_core.package_identification:_identify(src/src/cv_inspection/assembly_arm_control) by extension 'ignore_ament_install'
[0.549s] Level 1:colcon.colcon_core.package_identification:_identify(src/src/cv_inspection/assembly_arm_control) by extensions ['colcon_pkg']
[0.549s] Level 1:colcon.colcon_core.package_identification:_identify(src/src/cv_inspection/assembly_arm_control) by extension 'colcon_pkg'
[0.549s] Level 1:colcon.colcon_core.package_identification:_identify(src/src/cv_inspection/assembly_arm_control) by extensions ['colcon_meta']
[0.549s] Level 1:colcon.colcon_core.package_identification:_identify(src/src/cv_inspection/assembly_arm_control) by extension 'colcon_meta'
[0.549s] Level 1:colcon.colcon_core.package_identification:_identify(src/src/cv_inspection/assembly_arm_control) by extensions ['ros']
[0.549s] Level 1:colcon.colcon_core.package_identification:_identify(src/src/cv_inspection/assembly_arm_control) by extension 'ros'
[0.554s] DEBUG:colcon.colcon_core.package_identification:Package 'src/src/cv_inspection/assembly_arm_control' with type 'ros.ament_python' and name 'assembly_arm_control'
[0.554s] Level 1:colcon.colcon_core.package_identification:_identify(src/src/cv_inspection/custom_msgs) by extensions ['ignore', 'ignore_ament_install']
[0.554s] Level 1:colcon.colcon_core.package_identification:_identify(src/src/cv_inspection/custom_msgs) by extension 'ignore'
[0.554s] Level 1:colcon.colcon_core.package_identification:_identify(src/src/cv_inspection/custom_msgs) by extension 'ignore_ament_install'
[0.554s] Level 1:colcon.colcon_core.package_identification:_identify(src/src/cv_inspection/custom_msgs) by extensions ['colcon_pkg']
[0.554s] Level 1:colcon.colcon_core.package_identification:_identify(src/src/cv_inspection/custom_msgs) by extension 'colcon_pkg'
[0.554s] Level 1:colcon.colcon_core.package_identification:_identify(src/src/cv_inspection/custom_msgs) by extensions ['colcon_meta']
[0.554s] Level 1:colcon.colcon_core.package_identification:_identify(src/src/cv_inspection/custom_msgs) by extension 'colcon_meta'
[0.554s] Level 1:colcon.colcon_core.package_identification:_identify(src/src/cv_inspection/custom_msgs) by extensions ['ros']
[0.554s] Level 1:colcon.colcon_core.package_identification:_identify(src/src/cv_inspection/custom_msgs) by extension 'ros'
[0.555s] DEBUG:colcon.colcon_core.package_identification:Package 'src/src/cv_inspection/custom_msgs' with type 'ros.ament_cmake' and name 'custom_msgs'
[0.555s] Level 1:colcon.colcon_core.package_identification:_identify(src/src/cv_inspection/cv_inspection) by extensions ['ignore', 'ignore_ament_install']
[0.555s] Level 1:colcon.colcon_core.package_identification:_identify(src/src/cv_inspection/cv_inspection) by extension 'ignore'
[0.555s] Level 1:colcon.colcon_core.package_identification:_identify(src/src/cv_inspection/cv_inspection) by extension 'ignore_ament_install'
[0.555s] Level 1:colcon.colcon_core.package_identification:_identify(src/src/cv_inspection/cv_inspection) by extensions ['colcon_pkg']
[0.555s] Level 1:colcon.colcon_core.package_identification:_identify(src/src/cv_inspection/cv_inspection) by extension 'colcon_pkg'
[0.555s] Level 1:colcon.colcon_core.package_identification:_identify(src/src/cv_inspection/cv_inspection) by extensions ['colcon_meta']
[0.555s] Level 1:colcon.colcon_core.package_identification:_identify(src/src/cv_inspection/cv_inspection) by extension 'colcon_meta'
[0.555s] Level 1:colcon.colcon_core.package_identification:_identify(src/src/cv_inspection/cv_inspection) by extensions ['ros']
[0.555s] Level 1:colcon.colcon_core.package_identification:_identify(src/src/cv_inspection/cv_inspection) by extension 'ros'
[0.556s] DEBUG:colcon.colcon_core.package_identification:Package 'src/src/cv_inspection/cv_inspection' with type 'ros.ament_python' and name 'cv_inspection'
[0.556s] Level 1:colcon.colcon_core.package_identification:_identify(src/src/cv_inspection/logic_controller) by extensions ['ignore', 'ignore_ament_install']
[0.556s] Level 1:colcon.colcon_core.package_identification:_identify(src/src/cv_inspection/logic_controller) by extension 'ignore'
[0.556s] Level 1:colcon.colcon_core.package_identification:_identify(src/src/cv_inspection/logic_controller) by extension 'ignore_ament_install'
[0.556s] Level 1:colcon.colcon_core.package_identification:_identify(src/src/cv_inspection/logic_controller) by extensions ['colcon_pkg']
[0.556s] Level 1:colcon.colcon_core.package_identification:_identify(src/src/cv_inspection/logic_controller) by extension 'colcon_pkg'
[0.556s] Level 1:colcon.colcon_core.package_identification:_identify(src/src/cv_inspection/logic_controller) by extensions ['colcon_meta']
[0.556s] Level 1:colcon.colcon_core.package_identification:_identify(src/src/cv_inspection/logic_controller) by extension 'colcon_meta'
[0.556s] Level 1:colcon.colcon_core.package_identification:_identify(src/src/cv_inspection/logic_controller) by extensions ['ros']
[0.556s] Level 1:colcon.colcon_core.package_identification:_identify(src/src/cv_inspection/logic_controller) by extension 'ros'
[0.557s] DEBUG:colcon.colcon_core.package_identification:Package 'src/src/cv_inspection/logic_controller' with type 'ros.ament_python' and name 'logic_controller'
[0.557s] Level 1:colcon.colcon_core.package_identification:_identify(src/src/cv_inspection/sorting_arm_control) by extensions ['ignore', 'ignore_ament_install']
[0.557s] Level 1:colcon.colcon_core.package_identification:_identify(src/src/cv_inspection/sorting_arm_control) by extension 'ignore'
[0.557s] Level 1:colcon.colcon_core.package_identification:_identify(src/src/cv_inspection/sorting_arm_control) by extension 'ignore_ament_install'
[0.557s] Level 1:colcon.colcon_core.package_identification:_identify(src/src/cv_inspection/sorting_arm_control) by extensions ['colcon_pkg']
[0.557s] Level 1:colcon.colcon_core.package_identification:_identify(src/src/cv_inspection/sorting_arm_control) by extension 'colcon_pkg'
[0.557s] Level 1:colcon.colcon_core.package_identification:_identify(src/src/cv_inspection/sorting_arm_control) by extensions ['colcon_meta']
[0.557s] Level 1:colcon.colcon_core.package_identification:_identify(src/src/cv_inspection/sorting_arm_control) by extension 'colcon_meta'
[0.557s] Level 1:colcon.colcon_core.package_identification:_identify(src/src/cv_inspection/sorting_arm_control) by extensions ['ros']
[0.557s] Level 1:colcon.colcon_core.package_identification:_identify(src/src/cv_inspection/sorting_arm_control) by extension 'ros'
[0.558s] DEBUG:colcon.colcon_core.package_identification:Package 'src/src/cv_inspection/sorting_arm_control' with type 'ros.ament_python' and name 'sorting_arm_control'
[0.558s] Level 1:colcon.colcon_core.package_identification:_identify(src/src/cv_inspection/spawn_manager) by extensions ['ignore', 'ignore_ament_install']
[0.558s] Level 1:colcon.colcon_core.package_identification:_identify(src/src/cv_inspection/spawn_manager) by extension 'ignore'
[0.558s] Level 1:colcon.colcon_core.package_identification:_identify(src/src/cv_inspection/spawn_manager) by extension 'ignore_ament_install'
[0.558s] Level 1:colcon.colcon_core.package_identification:_identify(src/src/cv_inspection/spawn_manager) by extensions ['colcon_pkg']
[0.558s] Level 1:colcon.colcon_core.package_identification:_identify(src/src/cv_inspection/spawn_manager) by extension 'colcon_pkg'
[0.558s] Level 1:colcon.colcon_core.package_identification:_identify(src/src/cv_inspection/spawn_manager) by extensions ['colcon_meta']
[0.558s] Level 1:colcon.colcon_core.package_identification:_identify(src/src/cv_inspection/spawn_manager) by extension 'colcon_meta'
[0.558s] Level 1:colcon.colcon_core.package_identification:_identify(src/src/cv_inspection/spawn_manager) by extensions ['ros']
[0.558s] Level 1:colcon.colcon_core.package_identification:_identify(src/src/cv_inspection/spawn_manager) by extension 'ros'
[0.560s] DEBUG:colcon.colcon_core.package_identification:Package 'src/src/cv_inspection/spawn_manager' with type 'ros.ament_python' and name 'spawn_manager'
[0.561s] Level 1:colcon.colcon_core.package_identification:_identify(src/src/fault_handler) by extensions ['ignore', 'ignore_ament_install']
[0.561s] Level 1:colcon.colcon_core.package_identification:_identify(src/src/fault_handler) by extension 'ignore'
[0.561s] Level 1:colcon.colcon_core.package_identification:_identify(src/src/fault_handler) by extension 'ignore_ament_install'
[0.561s] Level 1:colcon.colcon_core.package_identification:_identify(src/src/fault_handler) by extensions ['colcon_pkg']
[0.561s] Level 1:colcon.colcon_core.package_identification:_identify(src/src/fault_handler) by extension 'colcon_pkg'
[0.561s] Level 1:colcon.colcon_core.package_identification:_identify(src/src/fault_handler) by extensions ['colcon_meta']
[0.561s] Level 1:colcon.colcon_core.package_identification:_identify(src/src/fault_handler) by extension 'colcon_meta'
[0.561s] Level 1:colcon.colcon_core.package_identification:_identify(src/src/fault_handler) by extensions ['ros']
[0.561s] Level 1:colcon.colcon_core.package_identification:_identify(src/src/fault_handler) by extension 'ros'
[0.561s] Level 1:colcon.colcon_core.package_identification:_identify(src/src/fault_handler) by extensions ['cmake', 'python']
[0.561s] Level 1:colcon.colcon_core.package_identification:_identify(src/src/fault_handler) by extension 'cmake'
[0.561s] Level 1:colcon.colcon_core.package_identification:_identify(src/src/fault_handler) by extension 'python'
[0.561s] Level 1:colcon.colcon_core.package_identification:_identify(src/src/fault_handler) by extensions ['python_setup_py']
[0.561s] Level 1:colcon.colcon_core.package_identification:_identify(src/src/fault_handler) by extension 'python_setup_py'
[0.561s] Level 1:colcon.colcon_core.package_identification:_identify(src/src/logic_controller) by extensions ['ignore', 'ignore_ament_install']
[0.561s] Level 1:colcon.colcon_core.package_identification:_identify(src/src/logic_controller) by extension 'ignore'
[0.561s] Level 1:colcon.colcon_core.package_identification:_identify(src/src/logic_controller) by extension 'ignore_ament_install'
[0.561s] Level 1:colcon.colcon_core.package_identification:_identify(src/src/logic_controller) by extensions ['colcon_pkg']
[0.561s] Level 1:colcon.colcon_core.package_identification:_identify(src/src/logic_controller) by extension 'colcon_pkg'
[0.561s] Level 1:colcon.colcon_core.package_identification:_identify(src/src/logic_controller) by extensions ['colcon_meta']
[0.562s] Level 1:colcon.colcon_core.package_identification:_identify(src/src/logic_controller) by extension 'colcon_meta'
[0.562s] Level 1:colcon.colcon_core.package_identification:_identify(src/src/logic_controller) by extensions ['ros']
[0.562s] Level 1:colcon.colcon_core.package_identification:_identify(src/src/logic_controller) by extension 'ros'
[0.562s] Level 1:colcon.colcon_core.package_identification:_identify(src/src/logic_controller) by extensions ['cmake', 'python']
[0.562s] Level 1:colcon.colcon_core.package_identification:_identify(src/src/logic_controller) by extension 'cmake'
[0.562s] Level 1:colcon.colcon_core.package_identification:_identify(src/src/logic_controller) by extension 'python'
[0.562s] Level 1:colcon.colcon_core.package_identification:_identify(src/src/logic_controller) by extensions ['python_setup_py']
[0.562s] Level 1:colcon.colcon_core.package_identification:_identify(src/src/logic_controller) by extension 'python_setup_py'
[0.562s] Level 1:colcon.colcon_core.package_identification:_identify(src/src/sorting_arm_control) by extensions ['ignore', 'ignore_ament_install']
[0.562s] Level 1:colcon.colcon_core.package_identification:_identify(src/src/sorting_arm_control) by extension 'ignore'
[0.562s] Level 1:colcon.colcon_core.package_identification:_identify(src/src/sorting_arm_control) by extension 'ignore_ament_install'
[0.562s] Level 1:colcon.colcon_core.package_identification:_identify(src/src/sorting_arm_control) by extensions ['colcon_pkg']
[0.562s] Level 1:colcon.colcon_core.package_identification:_identify(src/src/sorting_arm_control) by extension 'colcon_pkg'
[0.562s] Level 1:colcon.colcon_core.package_identification:_identify(src/src/sorting_arm_control) by extensions ['colcon_meta']
[0.562s] Level 1:colcon.colcon_core.package_identification:_identify(src/src/sorting_arm_control) by extension 'colcon_meta'
[0.562s] Level 1:colcon.colcon_core.package_identification:_identify(src/src/sorting_arm_control) by extensions ['ros']
[0.562s] Level 1:colcon.colcon_core.package_identification:_identify(src/src/sorting_arm_control) by extension 'ros'
[0.562s] Level 1:colcon.colcon_core.package_identification:_identify(src/src/sorting_arm_control) by extensions ['cmake', 'python']
[0.562s] Level 1:colcon.colcon_core.package_identification:_identify(src/src/sorting_arm_control) by extension 'cmake'
[0.562s] Level 1:colcon.colcon_core.package_identification:_identify(src/src/sorting_arm_control) by extension 'python'
[0.562s] Level 1:colcon.colcon_core.package_identification:_identify(src/src/sorting_arm_control) by extensions ['python_setup_py']
[0.562s] Level 1:colcon.colcon_core.package_identification:_identify(src/src/sorting_arm_control) by extension 'python_setup_py'
[0.562s] Level 1:colcon.colcon_core.package_identification:_identify(src/src/spawn_manager) by extensions ['ignore', 'ignore_ament_install']
[0.563s] Level 1:colcon.colcon_core.package_identification:_identify(src/src/spawn_manager) by extension 'ignore'
[0.563s] Level 1:colcon.colcon_core.package_identification:_identify(src/src/spawn_manager) by extension 'ignore_ament_install'
[0.563s] Level 1:colcon.colcon_core.package_identification:_identify(src/src/spawn_manager) by extensions ['colcon_pkg']
[0.563s] Level 1:colcon.colcon_core.package_identification:_identify(src/src/spawn_manager) by extension 'colcon_pkg'
[0.563s] Level 1:colcon.colcon_core.package_identification:_identify(src/src/spawn_manager) by extensions ['colcon_meta']
[0.563s] Level 1:colcon.colcon_core.package_identification:_identify(src/src/spawn_manager) by extension 'colcon_meta'
[0.563s] Level 1:colcon.colcon_core.package_identification:_identify(src/src/spawn_manager) by extensions ['ros']
[0.563s] Level 1:colcon.colcon_core.package_identification:_identify(src/src/spawn_manager) by extension 'ros'
[0.563s] Level 1:colcon.colcon_core.package_identification:_identify(src/src/spawn_manager) by extensions ['cmake', 'python']
[0.563s] Level 1:colcon.colcon_core.package_identification:_identify(src/src/spawn_manager) by extension 'cmake'
[0.563s] Level 1:colcon.colcon_core.package_identification:_identify(src/src/spawn_manager) by extension 'python'
[0.563s] Level 1:colcon.colcon_core.package_identification:_identify(src/src/spawn_manager) by extensions ['python_setup_py']
[0.563s] Level 1:colcon.colcon_core.package_identification:_identify(src/src/spawn_manager) by extension 'python_setup_py'
[0.563s] Level 1:colcon.colcon_core.package_identification:_identify(src/urdf) by extensions ['ignore', 'ignore_ament_install']
[0.563s] Level 1:colcon.colcon_core.package_identification:_identify(src/urdf) by extension 'ignore'
[0.563s] Level 1:colcon.colcon_core.package_identification:_identify(src/urdf) by extension 'ignore_ament_install'
[0.563s] Level 1:colcon.colcon_core.package_identification:_identify(src/urdf) by extensions ['colcon_pkg']
[0.563s] Level 1:colcon.colcon_core.package_identification:_identify(src/urdf) by extension 'colcon_pkg'
[0.563s] Level 1:colcon.colcon_core.package_identification:_identify(src/urdf) by extensions ['colcon_meta']
[0.563s] Level 1:colcon.colcon_core.package_identification:_identify(src/urdf) by extension 'colcon_meta'
[0.563s] Level 1:colcon.colcon_core.package_identification:_identify(src/urdf) by extensions ['ros']
[0.563s] Level 1:colcon.colcon_core.package_identification:_identify(src/urdf) by extension 'ros'
[0.563s] Level 1:colcon.colcon_core.package_identification:_identify(src/urdf) by extensions ['cmake', 'python']
[0.563s] Level 1:colcon.colcon_core.package_identification:_identify(src/urdf) by extension 'cmake'
[0.563s] Level 1:colcon.colcon_core.package_identification:_identify(src/urdf) by extension 'python'
[0.564s] Level 1:colcon.colcon_core.package_identification:_identify(src/urdf) by extensions ['python_setup_py']
[0.564s] Level 1:colcon.colcon_core.package_identification:_identify(src/urdf) by extension 'python_setup_py'
[0.564s] Level 1:colcon.colcon_core.package_identification:_identify(src/worlds) by extensions ['ignore', 'ignore_ament_install']
[0.564s] Level 1:colcon.colcon_core.package_identification:_identify(src/worlds) by extension 'ignore'
[0.564s] Level 1:colcon.colcon_core.package_identification:_identify(src/worlds) by extension 'ignore_ament_install'
[0.564s] Level 1:colcon.colcon_core.package_identification:_identify(src/worlds) by extensions ['colcon_pkg']
[0.564s] Level 1:colcon.colcon_core.package_identification:_identify(src/worlds) by extension 'colcon_pkg'
[0.564s] Level 1:colcon.colcon_core.package_identification:_identify(src/worlds) by extensions ['colcon_meta']
[0.564s] Level 1:colcon.colcon_core.package_identification:_identify(src/worlds) by extension 'colcon_meta'
[0.564s] Level 1:colcon.colcon_core.package_identification:_identify(src/worlds) by extensions ['ros']
[0.564s] Level 1:colcon.colcon_core.package_identification:_identify(src/worlds) by extension 'ros'
[0.564s] Level 1:colcon.colcon_core.package_identification:_identify(src/worlds) by extensions ['cmake', 'python']
[0.564s] Level 1:colcon.colcon_core.package_identification:_identify(src/worlds) by extension 'cmake'
[0.564s] Level 1:colcon.colcon_core.package_identification:_identify(src/worlds) by extension 'python'
[0.564s] Level 1:colcon.colcon_core.package_identification:_identify(src/worlds) by extensions ['python_setup_py']
[0.564s] Level 1:colcon.colcon_core.package_identification:_identify(src/worlds) by extension 'python_setup_py'
[0.564s] Level 1:colcon.colcon_core.package_discovery:discover_packages(recursive) using defaults
[0.564s] Level 1:colcon.colcon_core.package_discovery:discover_packages(ignore) discover
[0.564s] Level 1:colcon.colcon_core.package_discovery:discover_packages(ignore) using defaults
[0.564s] Level 1:colcon.colcon_core.package_discovery:discover_packages(path) discover
[0.564s] Level 1:colcon.colcon_core.package_discovery:discover_packages(path) using defaults
[0.615s] INFO:colcon.colcon_core.package_selection:Skipping not selected package 'assembly_arm_control' in 'src/src/cv_inspection/assembly_arm_control'
[0.615s] INFO:colcon.colcon_core.package_selection:Skipping not selected package 'custom_msgs' in 'src/src/cv_inspection/custom_msgs'
[0.615s] INFO:colcon.colcon_core.package_selection:Skipping not selected package 'logic_controller' in 'src/src/cv_inspection/logic_controller'
[0.615s] INFO:colcon.colcon_core.package_selection:Skipping not selected package 'sorting_arm_control' in 'src/src/cv_inspection/sorting_arm_control'
[0.615s] INFO:colcon.colcon_core.package_selection:Skipping not selected package 'spawn_manager' in 'src/src/cv_inspection/spawn_manager'
[0.615s] Level 1:colcon.colcon_core.package_discovery:discover_packages(prefix_path) check parameters
[0.615s] Level 1:colcon.colcon_core.package_discovery:discover_packages(prefix_path) discover
[0.620s] DEBUG:colcon.colcon_installed_package_information.package_discovery:Found 2 installed packages in /home/naveedh/ros2_ws/install
[0.623s] DEBUG:colcon.colcon_installed_package_information.package_discovery:Found 439 installed packages in /opt/ros/humble
[0.625s] Level 1:colcon.colcon_core.package_discovery:discover_packages(prefix_path) using defaults
[0.751s] Level 5:colcon.colcon_core.verb:set package 'cv_inspection' build argument 'cmake_args' from command line to 'None'
[0.751s] Level 5:colcon.colcon_core.verb:set package 'cv_inspection' build argument 'cmake_target' from command line to 'None'
[0.751s] Level 5:colcon.colcon_core.verb:set package 'cv_inspection' build argument 'cmake_target_skip_unavailable' from command line to 'False'
[0.751s] Level 5:colcon.colcon_core.verb:set package 'cv_inspection' build argument 'cmake_clean_cache' from command line to 'False'
[0.751s] Level 5:colcon.colcon_core.verb:set package 'cv_inspection' build argument 'cmake_clean_first' from command line to 'False'
[0.751s] Level 5:colcon.colcon_core.verb:set package 'cv_inspection' build argument 'cmake_force_configure' from command line to 'False'
[0.751s] Level 5:colcon.colcon_core.verb:set package 'cv_inspection' build argument 'ament_cmake_args' from command line to 'None'
[0.751s] Level 5:colcon.colcon_core.verb:set package 'cv_inspection' build argument 'catkin_cmake_args' from command line to 'None'
[0.751s] Level 5:colcon.colcon_core.verb:set package 'cv_inspection' build argument 'catkin_skip_building_tests' from command line to 'False'
[0.751s] DEBUG:colcon.colcon_core.verb:Building package 'cv_inspection' with the following arguments: {'ament_cmake_args': None, 'build_base': '/home/naveedh/rti_project_b_ws/build/cv_inspection', 'catkin_cmake_args': None, 'catkin_skip_building_tests': False, 'cmake_args': None, 'cmake_clean_cache': False, 'cmake_clean_first': False, 'cmake_force_configure': False, 'cmake_target': None, 'cmake_target_skip_unavailable': False, 'install_base': '/home/naveedh/rti_project_b_ws/install/cv_inspection', 'merge_install': False, 'path': '/home/naveedh/rti_project_b_ws/src/src/cv_inspection/cv_inspection', 'symlink_install': False, 'test_result_base': None}
[0.751s] INFO:colcon.colcon_core.executor:Executing jobs using 'parallel' executor
[0.752s] DEBUG:colcon.colcon_parallel_executor.executor.parallel:run_until_complete
[0.752s] INFO:colcon.colcon_ros.task.ament_python.build:Building ROS package in '/home/naveedh/rti_project_b_ws/src/src/cv_inspection/cv_inspection' with build type 'ament_python'
[0.752s] Level 1:colcon.colcon_core.shell:create_environment_hook('cv_inspection', 'ament_prefix_path')
[0.757s] INFO:colcon.colcon_core.plugin_system:Skipping extension 'colcon_core.shell.bat': Not used on non-Windows systems
[0.757s] INFO:colcon.colcon_core.shell:Creating environment hook '/home/naveedh/rti_project_b_ws/install/cv_inspection/share/cv_inspection/hook/ament_prefix_path.ps1'
[0.758s] INFO:colcon.colcon_core.shell:Creating environment descriptor '/home/naveedh/rti_project_b_ws/install/cv_inspection/share/cv_inspection/hook/ament_prefix_path.dsv'
[0.759s] INFO:colcon.colcon_core.shell:Creating environment hook '/home/naveedh/rti_project_b_ws/install/cv_inspection/share/cv_inspection/hook/ament_prefix_path.sh'
[0.759s] INFO:colcon.colcon_core.shell:Skip shell extension 'powershell' for command environment: Not usable outside of PowerShell
[0.760s] DEBUG:colcon.colcon_core.shell:Skip shell extension 'dsv' for command environment
[1.035s] INFO:colcon.colcon_core.task.python.build:Building Python package in '/home/naveedh/rti_project_b_ws/src/src/cv_inspection/cv_inspection'
[1.035s] INFO:colcon.colcon_core.shell:Skip shell extension 'powershell' for command environment: Not usable outside of PowerShell
[1.036s] DEBUG:colcon.colcon_core.shell:Skip shell extension 'dsv' for command environment
[1.603s] DEBUG:colcon.colcon_core.event_handler.log_command:Invoking command in '/home/naveedh/rti_project_b_ws/src/src/cv_inspection/cv_inspection': PYTHONPATH=/home/naveedh/rti_project_b_ws/build/cv_inspection/prefix_override:/usr/lib/python3/dist-packages/colcon_core/task/python/colcon_distutils_commands:/home/naveedh/rti_project_b_ws/install/cv_inspection/lib/python3.10/site-packages:${PYTHONPATH} /usr/bin/python3 -W ignore:setup.py install is deprecated -W ignore:easy_install command is deprecated setup.py egg_info --egg-base ../../../../build/cv_inspection build --build-base /home/naveedh/rti_project_b_ws/build/cv_inspection/build install --record /home/naveedh/rti_project_b_ws/build/cv_inspection/install.log --single-version-externally-managed install_data
[1.903s] DEBUG:colcon.colcon_core.event_handler.log_command:Invoked command in '/home/naveedh/rti_project_b_ws/src/src/cv_inspection/cv_inspection' returned '0': PYTHONPATH=/home/naveedh/rti_project_b_ws/build/cv_inspection/prefix_override:/usr/lib/python3/dist-packages/colcon_core/task/python/colcon_distutils_commands:/home/naveedh/rti_project_b_ws/install/cv_inspection/lib/python3.10/site-packages:${PYTHONPATH} /usr/bin/python3 -W ignore:setup.py install is deprecated -W ignore:easy_install command is deprecated setup.py egg_info --egg-base ../../../../build/cv_inspection build --build-base /home/naveedh/rti_project_b_ws/build/cv_inspection/build install --record /home/naveedh/rti_project_b_ws/build/cv_inspection/install.log --single-version-externally-managed install_data
[1.909s] Level 1:colcon.colcon_core.environment:checking '/home/naveedh/rti_project_b_ws/install/cv_inspection' for CMake module files
[1.910s] Level 1:colcon.colcon_core.environment:checking '/home/naveedh/rti_project_b_ws/install/cv_inspection' for CMake config files
[1.910s] Level 1:colcon.colcon_core.environment:checking '/home/naveedh/rti_project_b_ws/install/cv_inspection/lib'
[1.911s] Level 1:colcon.colcon_core.environment:checking '/home/naveedh/rti_project_b_ws/install/cv_inspection/bin'
[1.911s] Level 1:colcon.colcon_core.environment:checking '/home/naveedh/rti_project_b_ws/install/cv_inspection/lib/pkgconfig/cv_inspection.pc'
[1.911s] Level 1:colcon.colcon_core.environment:checking '/home/naveedh/rti_project_b_ws/install/cv_inspection/lib/python3.10/site-packages'
[1.911s] Level 1:colcon.colcon_core.shell:create_environment_hook('cv_inspection', 'pythonpath')
[1.911s] INFO:colcon.colcon_core.shell:Creating environment hook '/home/naveedh/rti_project_b_ws/install/cv_inspection/share/cv_inspection/hook/pythonpath.ps1'
[1.912s] INFO:colcon.colcon_core.shell:Creating environment descriptor '/home/naveedh/rti_project_b_ws/install/cv_inspection/share/cv_inspection/hook/pythonpath.dsv'
[1.912s] INFO:colcon.colcon_core.shell:Creating environment hook '/home/naveedh/rti_project_b_ws/install/cv_inspection/share/cv_inspection/hook/pythonpath.sh'
[1.913s] Level 1:colcon.colcon_core.environment:checking '/home/naveedh/rti_project_b_ws/install/cv_inspection/bin'
[1.913s] Level 1:colcon.colcon_core.environment:create_environment_scripts_only(cv_inspection)
[1.913s] INFO:colcon.colcon_core.shell:Creating package script '/home/naveedh/rti_project_b_ws/install/cv_inspection/share/cv_inspection/package.ps1'
[1.914s] INFO:colcon.colcon_core.shell:Creating package descriptor '/home/naveedh/rti_project_b_ws/install/cv_inspection/share/cv_inspection/package.dsv'
[1.915s] INFO:colcon.colcon_core.shell:Creating package script '/home/naveedh/rti_project_b_ws/install/cv_inspection/share/cv_inspection/package.sh'
[1.916s] INFO:colcon.colcon_core.shell:Creating package script '/home/naveedh/rti_project_b_ws/install/cv_inspection/share/cv_inspection/package.bash'
[1.917s] INFO:colcon.colcon_core.shell:Creating package script '/home/naveedh/rti_project_b_ws/install/cv_inspection/share/cv_inspection/package.zsh'
[1.918s] Level 1:colcon.colcon_core.environment:create_file_with_runtime_dependencies(/home/naveedh/rti_project_b_ws/install/cv_inspection/share/colcon-core/packages/cv_inspection)
[1.918s] DEBUG:colcon.colcon_parallel_executor.executor.parallel:closing loop
[1.919s] DEBUG:colcon.colcon_parallel_executor.executor.parallel:loop closed
[1.919s] DEBUG:colcon.colcon_parallel_executor.executor.parallel:run_until_complete finished with '0'
[1.919s] DEBUG:colcon.colcon_core.event_reactor:joining thread
[1.928s] INFO:colcon.colcon_core.plugin_system:Skipping extension 'colcon_notification.desktop_notification.terminal_notifier': Not used on non-Darwin systems
[1.928s] INFO:colcon.colcon_core.plugin_system:Skipping extension 'colcon_notification.desktop_notification.win32': Not used on non-Windows systems
[1.928s] INFO:colcon.colcon_notification.desktop_notification:Sending desktop notification using 'notify2'
[1.977s] DEBUG:colcon.colcon_core.event_reactor:joined thread
[1.978s] INFO:colcon.colcon_core.shell:Creating prefix script '/home/naveedh/rti_project_b_ws/install/local_setup.ps1'
[1.980s] INFO:colcon.colcon_core.shell:Creating prefix util module '/home/naveedh/rti_project_b_ws/install/_local_setup_util_ps1.py'
[1.986s] INFO:colcon.colcon_core.shell:Creating prefix chain script '/home/naveedh/rti_project_b_ws/install/setup.ps1'
[1.993s] INFO:colcon.colcon_core.shell:Creating prefix script '/home/naveedh/rti_project_b_ws/install/local_setup.sh'
[1.995s] INFO:colcon.colcon_core.shell:Creating prefix util module '/home/naveedh/rti_project_b_ws/install/_local_setup_util_sh.py'
[1.996s] INFO:colcon.colcon_core.shell:Creating prefix chain script '/home/naveedh/rti_project_b_ws/install/setup.sh'
[2.000s] INFO:colcon.colcon_core.shell:Creating prefix script '/home/naveedh/rti_project_b_ws/install/local_setup.bash'
[2.003s] INFO:colcon.colcon_core.shell:Creating prefix chain script '/home/naveedh/rti_project_b_ws/install/setup.bash'
[2.006s] INFO:colcon.colcon_core.shell:Creating prefix script '/home/naveedh/rti_project_b_ws/install/local_setup.zsh'
[2.009s] INFO:colcon.colcon_core.shell:Creating prefix chain script '/home/naveedh/rti_project_b_ws/install/setup.zsh'
