running egg_info
creating ../../../../build/cv_inspection/cv_inspection.egg-info
writing ../../../../build/cv_inspection/cv_inspection.egg-info/PKG-INFO
writing dependency_links to ../../../../build/cv_inspection/cv_inspection.egg-info/dependency_links.txt
writing entry points to ../../../../build/cv_inspection/cv_inspection.egg-info/entry_points.txt
writing requirements to ../../../../build/cv_inspection/cv_inspection.egg-info/requires.txt
writing top-level names to ../../../../build/cv_inspection/cv_inspection.egg-info/top_level.txt
writing manifest file '../../../../build/cv_inspection/cv_inspection.egg-info/SOURCES.txt'
reading manifest file '../../../../build/cv_inspection/cv_inspection.egg-info/SOURCES.txt'
writing manifest file '../../../../build/cv_inspection/cv_inspection.egg-info/SOURCES.txt'
running build
running build_py
creating /home/naveedh/rti_project_b_ws/build/cv_inspection/build
creating /home/naveedh/rti_project_b_ws/build/cv_inspection/build/lib
creating /home/naveedh/rti_project_b_ws/build/cv_inspection/build/lib/cv_inspection
copying cv_inspection/__init__.py -> /home/naveedh/rti_project_b_ws/build/cv_inspection/build/lib/cv_inspection
running install
running install_lib
creating /home/naveedh/rti_project_b_ws/install/cv_inspection/lib/python3.10/site-packages/cv_inspection
copying /home/naveedh/rti_project_b_ws/build/cv_inspection/build/lib/cv_inspection/__init__.py -> /home/naveedh/rti_project_b_ws/install/cv_inspection/lib/python3.10/site-packages/cv_inspection
byte-compiling /home/naveedh/rti_project_b_ws/install/cv_inspection/lib/python3.10/site-packages/cv_inspection/__init__.py to __init__.cpython-310.pyc
running install_data
creating /home/naveedh/rti_project_b_ws/install/cv_inspection/share/ament_index
creating /home/naveedh/rti_project_b_ws/install/cv_inspection/share/ament_index/resource_index
creating /home/naveedh/rti_project_b_ws/install/cv_inspection/share/ament_index/resource_index/packages
copying resource/cv_inspection -> /home/naveedh/rti_project_b_ws/install/cv_inspection/share/ament_index/resource_index/packages
copying package.xml -> /home/naveedh/rti_project_b_ws/install/cv_inspection/share/cv_inspection
running install_egg_info
Copying ../../../../build/cv_inspection/cv_inspection.egg-info to /home/naveedh/rti_project_b_ws/install/cv_inspection/lib/python3.10/site-packages/cv_inspection-0.0.0-py3.10.egg-info
running install_scripts
writing list of installed files to '/home/naveedh/rti_project_b_ws/build/cv_inspection/install.log'
