[0.850s] Invoking command in '/home/naveedh/rti_project_b_ws/src/src/cv_inspection/cv_inspection': PYTHONPATH=/home/naveedh/rti_project_b_ws/build/cv_inspection/prefix_override:/usr/lib/python3/dist-packages/colcon_core/task/python/colcon_distutils_commands:/home/naveedh/rti_project_b_ws/install/cv_inspection/lib/python3.10/site-packages:${PYTHONPATH} /usr/bin/python3 -W ignore:setup.py install is deprecated -W ignore:easy_install command is deprecated setup.py egg_info --egg-base ../../../../build/cv_inspection build --build-base /home/naveedh/rti_project_b_ws/build/cv_inspection/build install --record /home/naveedh/rti_project_b_ws/build/cv_inspection/install.log --single-version-externally-managed install_data
[1.092s] running egg_info
[1.092s] creating ../../../../build/cv_inspection/cv_inspection.egg-info
[1.093s] writing ../../../../build/cv_inspection/cv_inspection.egg-info/PKG-INFO
[1.093s] writing dependency_links to ../../../../build/cv_inspection/cv_inspection.egg-info/dependency_links.txt
[1.093s] writing entry points to ../../../../build/cv_inspection/cv_inspection.egg-info/entry_points.txt
[1.093s] writing requirements to ../../../../build/cv_inspection/cv_inspection.egg-info/requires.txt
[1.093s] writing top-level names to ../../../../build/cv_inspection/cv_inspection.egg-info/top_level.txt
[1.093s] writing manifest file '../../../../build/cv_inspection/cv_inspection.egg-info/SOURCES.txt'
[1.095s] reading manifest file '../../../../build/cv_inspection/cv_inspection.egg-info/SOURCES.txt'
[1.095s] writing manifest file '../../../../build/cv_inspection/cv_inspection.egg-info/SOURCES.txt'
[1.096s] running build
[1.096s] running build_py
[1.096s] creating /home/naveedh/rti_project_b_ws/build/cv_inspection/build
[1.096s] creating /home/naveedh/rti_project_b_ws/build/cv_inspection/build/lib
[1.096s] creating /home/naveedh/rti_project_b_ws/build/cv_inspection/build/lib/cv_inspection
[1.096s] copying cv_inspection/__init__.py -> /home/naveedh/rti_project_b_ws/build/cv_inspection/build/lib/cv_inspection
[1.096s] running install
[1.096s] running install_lib
[1.097s] creating /home/naveedh/rti_project_b_ws/install/cv_inspection/lib/python3.10/site-packages/cv_inspection
[1.097s] copying /home/naveedh/rti_project_b_ws/build/cv_inspection/build/lib/cv_inspection/__init__.py -> /home/naveedh/rti_project_b_ws/install/cv_inspection/lib/python3.10/site-packages/cv_inspection
[1.097s] byte-compiling /home/naveedh/rti_project_b_ws/install/cv_inspection/lib/python3.10/site-packages/cv_inspection/__init__.py to __init__.cpython-310.pyc
[1.098s] running install_data
[1.098s] creating /home/naveedh/rti_project_b_ws/install/cv_inspection/share/ament_index
[1.098s] creating /home/naveedh/rti_project_b_ws/install/cv_inspection/share/ament_index/resource_index
[1.098s] creating /home/naveedh/rti_project_b_ws/install/cv_inspection/share/ament_index/resource_index/packages
[1.098s] copying resource/cv_inspection -> /home/naveedh/rti_project_b_ws/install/cv_inspection/share/ament_index/resource_index/packages
[1.098s] copying package.xml -> /home/naveedh/rti_project_b_ws/install/cv_inspection/share/cv_inspection
[1.098s] running install_egg_info
[1.100s] Copying ../../../../build/cv_inspection/cv_inspection.egg-info to /home/naveedh/rti_project_b_ws/install/cv_inspection/lib/python3.10/site-packages/cv_inspection-0.0.0-py3.10.egg-info
[1.100s] running install_scripts
[1.120s] writing list of installed files to '/home/naveedh/rti_project_b_ws/build/cv_inspection/install.log'
[1.150s] Invoked command in '/home/naveedh/rti_project_b_ws/src/src/cv_inspection/cv_inspection' returned '0': PYTHONPATH=/home/naveedh/rti_project_b_ws/build/cv_inspection/prefix_override:/usr/lib/python3/dist-packages/colcon_core/task/python/colcon_distutils_commands:/home/naveedh/rti_project_b_ws/install/cv_inspection/lib/python3.10/site-packages:${PYTHONPATH} /usr/bin/python3 -W ignore:setup.py install is deprecated -W ignore:easy_install command is deprecated setup.py egg_info --egg-base ../../../../build/cv_inspection build --build-base /home/naveedh/rti_project_b_ws/build/cv_inspection/build install --record /home/naveedh/rti_project_b_ws/build/cv_inspection/install.log --single-version-externally-managed install_data
